<?xml version="1.0" encoding="UTF-8"?>
<!-- Generated by org.testng.reporters.JUnitReportReporter -->
<testsuite hostname="Lenovo" failures="0" tests="1" name="Com.DemoProject.Tests.OrangeHRMLoginPageTest" time="9.347" errors="0" timestamp="2025-02-23T18:16:28 IST" skipped="0">
  <testcase classname="Com.DemoProject.Tests.OrangeHRMLoginPageTest" name="verifyLogin" time="9.347"/>
  <system-out/>
</testsuite> <!-- Com.DemoProject.Tests.OrangeHRMLoginPageTest -->
